<?xml version="1.0" encoding="UTF-8"?>
<!-- Generated by org.testng.reporters.JUnitXMLReporter -->
<testsuite ignored="0" hostname="DESKTOP-F280F2S" failures="0" tests="11" name="Default test" time="7.485" errors="0" timestamp="2022-09-17T12:48:27 IST">
  <testcase classname="com.dataprovider.DataProviderDemo" name="m1" time="0.008"/>
  <testcase classname="com.dataprovider.DataProviderDemo" name="m1" time="0.002"/>
  <testcase classname="com.dataprovider.DataProviderDemo" name="m1" time="0.002"/>
  <testcase classname="com.dataprovider.DataProviderDemo" name="m1" time="0.001"/>
  <testcase classname="com.dataprovider.DataProviderDemo" name="m1" time="0.002"/>
  <testcase classname="com.dataprovider.DataProviderDemo" name="m1" time="0.001"/>
  <testcase classname="com.dataprovider.DataProviderDemo" name="m1" time="0.001"/>
  <testcase classname="com.dataprovider.DataProviderDemo" name="m1" time="0.002"/>
  <testcase classname="com.dataprovider.DataProviderDemo" name="m1" time="0.001"/>
  <testcase classname="com.dataprovider.DataProviderDemo" name="m1" time="0.001"/>
  <testcase classname="com.dataprovider.DataProviderDemo" name="m1" time="0.001"/>
</testsuite> <!-- Default test -->
