<?xml version="1.0" encoding="UTF-8"?>
<!-- Generated by org.testng.reporters.JUnitXMLReporter -->
<testsuite ignored="8" hostname="DESKTOP-F280F2S" failures="0" tests="13" name="Test" time="0.182" errors="0" timestamp="2022-08-09T14:54:43 IST">
  <testcase classname="com.testngdemo.a.A" name="m1" time="0.021"/>
  <testcase classname="com.testngdemo.a.A" name="m3" time="0.004"/>
  <testcase classname="com.testngdemo.a.A" name="m4" time="0.002"/>
  <testcase classname="com.testngdemo.a.A" name="m5" time="0.003"/>
  <testcase classname="com.testngdemo.a.A" name="m7" time="0.002"/>
  <testcase classname="com.testngdemo.b.B" name="m1" time="0.003"/>
  <testcase classname="com.testngdemo.b.B" name="m4" time="0.002"/>
  <testcase classname="com.testngdemo.b.B" name="m5" time="0.002"/>
  <testcase classname="com.testngdemo.b.B" name="m6" time="0.002"/>
  <testcase classname="com.testngdemo.c.C" name="m1" time="0.002"/>
  <testcase classname="com.testngdemo.c.C" name="m2" time="0.002"/>
  <testcase classname="com.testngdemo.c.C" name="m3" time="0.002"/>
  <testcase classname="com.testngdemo.c.C" name="m6" time="0.001"/>
  <testcase classname="com.testngdemo.a.A" name="m6" time="0.0">
    <ignored/>
  </testcase> <!-- m6 -->
  <testcase classname="com.testngdemo.c.C" name="m4" time="0.0">
    <ignored/>
  </testcase> <!-- m4 -->
  <testcase classname="com.testngdemo.b.B" name="m2" time="0.0">
    <ignored/>
  </testcase> <!-- m2 -->
  <testcase classname="com.testngdemo.a.A" name="m2" time="0.0">
    <ignored/>
  </testcase> <!-- m2 -->
  <testcase classname="com.testngdemo.b.B" name="m3" time="0.0">
    <ignored/>
  </testcase> <!-- m3 -->
  <testcase classname="com.testngdemo.b.B" name="m7" time="0.0">
    <ignored/>
  </testcase> <!-- m7 -->
  <testcase classname="com.testngdemo.c.C" name="m7" time="0.0">
    <ignored/>
  </testcase> <!-- m7 -->
  <testcase classname="com.testngdemo.c.C" name="m5" time="0.0">
    <ignored/>
  </testcase> <!-- m5 -->
</testsuite> <!-- Test -->
