<?xml version="1.0" encoding="UTF-8"?>
<testng-results ignored="0" total="5" passed="5" failed="0" skipped="0">
  <reporter-output>
  </reporter-output>
  <suite started-at="2022-08-10T15:06:03 IST" name="Default suite" finished-at="2022-08-10T15:06:03 IST" duration-ms="67">
    <groups>
    </groups>
    <test started-at="2022-08-10T15:06:03 IST" name="Default test" finished-at="2022-08-10T15:06:03 IST" duration-ms="67">
      <class name="com.dataprovider.DataProviderDemo">
        <test-method signature="m1(java.lang.String,java.lang.String)[pri:0, instance:com.dataprovider.DataProviderDemo@49049a04]" started-at="2022-08-10T15:06:03 IST" name="m1" data-provider="Book Data" finished-at="2022-08-10T15:06:03 IST" duration-ms="8" status="PASS">
          <params>
            <param index="0">
              <value>
                <![CDATA[Old Man and the sea]]>
              </value>
            </param>
            <param index="1">
              <value>
                <![CDATA[Ernest Hamingway]]>
              </value>
            </param>
          </params>
          <reporter-output>
          </reporter-output>
        </test-method> <!-- m1 -->
        <test-method signature="m1(java.lang.String,java.lang.String)[pri:0, instance:com.dataprovider.DataProviderDemo@49049a04]" started-at="2022-08-10T15:06:03 IST" name="m1" data-provider="Book Data" finished-at="2022-08-10T15:06:03 IST" duration-ms="2" status="PASS">
          <params>
            <param index="0">
              <value>
                <![CDATA[Sun also rises]]>
              </value>
            </param>
            <param index="1">
              <value>
                <![CDATA[Ernest Hamingway]]>
              </value>
            </param>
          </params>
          <reporter-output>
          </reporter-output>
        </test-method> <!-- m1 -->
        <test-method signature="m1(java.lang.String,java.lang.String)[pri:0, instance:com.dataprovider.DataProviderDemo@49049a04]" started-at="2022-08-10T15:06:03 IST" name="m1" data-provider="Book Data" finished-at="2022-08-10T15:06:03 IST" duration-ms="2" status="PASS">
          <params>
            <param index="0">
              <value>
                <![CDATA[Kosala]]>
              </value>
            </param>
            <param index="1">
              <value>
                <![CDATA[Bhalchandra Nemade]]>
              </value>
            </param>
          </params>
          <reporter-output>
          </reporter-output>
        </test-method> <!-- m1 -->
        <test-method signature="m1(java.lang.String,java.lang.String)[pri:0, instance:com.dataprovider.DataProviderDemo@49049a04]" started-at="2022-08-10T15:06:03 IST" name="m1" data-provider="Book Data" finished-at="2022-08-10T15:06:03 IST" duration-ms="1" status="PASS">
          <params>
            <param index="0">
              <value>
                <![CDATA[Raavan]]>
              </value>
            </param>
            <param index="1">
              <value>
                <![CDATA[Sharad Tandale]]>
              </value>
            </param>
          </params>
          <reporter-output>
          </reporter-output>
        </test-method> <!-- m1 -->
        <test-method signature="m1(java.lang.String,java.lang.String)[pri:0, instance:com.dataprovider.DataProviderDemo@49049a04]" started-at="2022-08-10T15:06:03 IST" name="m1" data-provider="Book Data" finished-at="2022-08-10T15:06:03 IST" duration-ms="1" status="PASS">
          <params>
            <param index="0">
              <value>
                <![CDATA[Half Girlfriend]]>
              </value>
            </param>
            <param index="1">
              <value>
                <![CDATA[Chetan Bhagat]]>
              </value>
            </param>
          </params>
          <reporter-output>
          </reporter-output>
        </test-method> <!-- m1 -->
      </class> <!-- com.dataprovider.DataProviderDemo -->
    </test> <!-- Default test -->
  </suite> <!-- Default suite -->
</testng-results>
