<?xml version="1.0" encoding="UTF-8"?>
<!-- Generated by org.testng.reporters.JUnitXMLReporter -->
<testsuite ignored="0" hostname="DESKTOP-F280F2S" failures="0" tests="7" name="Test" time="0.059" errors="0" timestamp="2022-08-09T16:11:20 IST">
  <testcase classname="com.parameterization.Parameters" name="m1" time="0.007"/>
  <testcase classname="com.parameterization.Parameters" name="m2" time="0.002"/>
  <testcase classname="com.parameterization.Parameters" name="m3" time="0.001"/>
  <testcase classname="com.parameterization.Parameters" name="m4" time="0.001"/>
  <testcase classname="com.parameterization.Parameters" name="m5" time="0.001"/>
  <testcase classname="com.parameterization.Parameters" name="m6" time="0.001"/>
  <testcase classname="com.parameterization.Parameters" name="m7" time="0.001"/>
</testsuite> <!-- Test -->
