<?xml version="1.0" encoding="UTF-8"?>
<!-- Generated by org.testng.reporters.JUnitXMLReporter -->
<testsuite ignored="0" hostname="DESKTOP-F280F2S" failures="0" tests="5" name="Default test" time="0.067" errors="0" timestamp="2022-08-10T15:06:03 IST">
  <testcase classname="com.dataprovider.DataProviderDemo" name="m1" time="0.008"/>
  <testcase classname="com.dataprovider.DataProviderDemo" name="m1" time="0.002"/>
  <testcase classname="com.dataprovider.DataProviderDemo" name="m1" time="0.002"/>
  <testcase classname="com.dataprovider.DataProviderDemo" name="m1" time="0.001"/>
  <testcase classname="com.dataprovider.DataProviderDemo" name="m1" time="0.001"/>
</testsuite> <!-- Default test -->
